<?xml version="1.0" encoding="UTF-8"?>
<!-- Generated by org.testng.reporters.JUnitReportReporter -->
<testsuite hostname="i-system-2.local" name="iosSimTests.testRunner.TestRunner" tests="1" failures="0" timestamp="18 Jan 2017 14:33:27 GMT" time="69.236" errors="0">
  <testcase name="feature" time="69.236" classname="iosSimTests.testRunner.TestRunner"/>
</testsuite> <!-- iosSimTests.testRunner.TestRunner -->
