<?xml version="1.0" encoding="UTF-8"?>
<!-- Generated by org.testng.reporters.JUnitReportReporter -->
<testsuite hostname="i-system-2.local" name="iosSimTests.testRunner.TestRunner" tests="1" failures="0" timestamp="18 Jan 2017 20:57:14 GMT" time="89.086" errors="0">
  <testcase name="feature" time="89.086" classname="iosSimTests.testRunner.TestRunner"/>
</testsuite> <!-- iosSimTests.testRunner.TestRunner -->
