<?xml version="1.0" encoding="UTF-8"?>
<!-- Generated by org.testng.reporters.JUnitReportReporter -->
<testsuite hostname="i-system-2.local" name="iosSimTests.testRunner.TestRunner" tests="1" failures="0" timestamp="18 Jan 2017 21:13:26 GMT" time="93.192" errors="0">
  <testcase name="feature" time="93.192" classname="iosSimTests.testRunner.TestRunner"/>
</testsuite> <!-- iosSimTests.testRunner.TestRunner -->
